solve_message = 'CPLEX 12.7.0.0: time limit with integer solution; objective 2\
53897324 MIP simplex iterations\
1233825 branch-and-bound nodes\
absmipgap = 2, relmipgap = 1\
No basis.'

Graph Coloring: 96-6
Node    Color
0       0
1       4
2       3
3       1
4       3
5       4
6       0
7       3
8       0
9       3
10      5
11      4
12      2
13      2
14      2
15      3
16      2
17      0
18      3
19      0
20      3
21      2
22      2
23      1
24      0
25      5
26      0
27      3
28      4
29      0
30      0
31      0
32      0
33      0
34      4
35      5
36      5
37      0
38      3
39      5
40      0
41      0
42      0
43      0
44      0
45      4
46      4
47      1
48      1
49      3
50      1
51      3
52      5
53      0
54      3
55      1
56      1
57      5
58      1
59      2
60      5
61      2
62      3
63      5
64      0
65      5
66      0
67      5
68      5
69      2
70      1
71      0
72      5
73      0
74      3
75      5
76      0
77      0
78      5
79      0
80      0
81      4
82      0
83      5
84      0
85      3
86      5
87      0
88      0
89      0
90      0
91      0
92      2
93      5
94      1
95      4
Number of node pairs in conflict: 1
