solve_message = 'CPLEX 12.7.0.0: time limit with integer solution; objective 2\
6156006 MIP simplex iterations\
156406 branch-and-bound nodes\
absmipgap = 2, relmipgap = 1\
No basis.'

Graph Coloring: 192-7
Node    Color
0       0
1       2
2       4
3       5
4       5
5       3
6       3
7       1
8       5
9       5
10      3
11      2
12      2
13      4
14      2
15      4
16      2
17      1
18      1
19      1
20      1
21      1
22      2
23      5
24      3
25      6
26      5
27      5
28      3
29      3
30      1
31      5
32      5
33      3
34      6
35      6
36      6
37      6
38      6
39      6
40      1
41      1
42      1
43      1
44      1
45      6
46      5
47      2
48      2
49      4
50      5
51      5
52      3
53      0
54      0
55      0
56      0
57      0
58      4
59      3
60      4
61      2
62      4
63      3
64      0
65      0
66      0
67      0
68      0
69      4
70      3
71      6
72      6
73      5
74      5
75      6
76      0
77      0
78      0
79      0
80      0
81      6
82      6
83      6
84      6
85      6
86      6
87      0
88      0
89      0
90      0
91      0
92      6
93      5
94      2
95      1
96      2
97      4
98      5
99      4
100     3
101     0
102     0
103     0
104     0
105     0
106     6
107     2
108     4
109     2
110     4
111     6
112     0
113     0
114     0
115     0
116     0
117     6
118     5
119     6
120     6
121     6
122     6
123     6
124     0
125     0
126     0
127     0
128     0
129     6
130     6
131     6
132     6
133     4
134     6
135     0
136     6
137     0
138     6
139     0
140     6
141     6
142     4
143     0
144     0
145     0
146     0
147     0
148     0
149     0
150     0
151     0
152     0
153     0
154     0
155     0
156     0
157     6
158     6
159     0
160     0
161     0
162     0
163     0
164     0
165     0
166     0
167     0
168     0
169     4
170     0
171     0
172     0
173     0
174     4
175     0
176     6
177     0
178     0
179     0
180     4
181     0
182     0
183     0
184     0
185     0
186     6
187     4
188     0
189     0
190     1
191     3
Number of node pairs in conflict: 1
