solve_message = 'CPLEX 12.7.0.0: time limit with integer solution; objective 8\
11870124 MIP simplex iterations\
157617 branch-and-bound nodes\
absmipgap = 8, relmipgap = 1\
No basis.'

Graph Coloring: 192-6
Node    Color
0       2
1       0
2       1
3       3
4       3
5       4
6       2
7       5
8       3
9       3
10      5
11      1
12      4
13      5
14      3
15      1
16      5
17      2
18      5
19      5
20      5
21      5
22      4
23      0
24      0
25      1
26      0
27      1
28      0
29      0
30      5
31      0
32      3
33      5
34      0
35      5
36      5
37      3
38      1
39      5
40      5
41      5
42      5
43      3
44      5
45      1
46      0
47      4
48      0
49      1
50      3
51      1
52      4
53      2
54      2
55      3
56      3
57      2
58      4
59      4
60      1
61      3
62      3
63      2
64      4
65      2
66      2
67      3
68      4
69      4
70      0
71      0
72      1
73      0
74      1
75      0
76      0
77      2
78      0
79      3
80      2
81      0
82      2
83      1
84      3
85      1
86      2
87      2
88      2
89      3
90      3
91      2
92      1
93      0
94      4
95      5
96      4
97      1
98      3
99      1
100     4
101     2
102     2
103     3
104     3
105     2
106     1
107     4
108     4
109     3
110     3
111     2
112     2
113     2
114     2
115     2
116     2
117     1
118     0
119     0
120     1
121     0
122     3
123     0
124     0
125     2
126     0
127     3
128     2
129     0
130     2
131     1
132     3
133     3
134     2
135     2
136     2
137     2
138     2
139     2
140     1
141     0
142     4
143     0
144     1
145     2
146     1
147     2
148     2
149     2
150     2
151     2
152     2
153     4
154     2
155     1
156     2
157     1
158     4
159     4
160     2
161     2
162     2
163     4
164     4
165     0
166     0
167     1
168     0
169     1
170     0
171     2
172     2
173     0
174     3
175     0
176     0
177     2
178     1
179     3
180     3
181     1
182     2
183     2
184     2
185     3
186     2
187     1
188     0
189     2
190     5
191     5
Number of node pairs in conflict: 4
